Added Component: Designator=IC?(PWS_TRACO_TMPM 10)
Add component (AddParameter): Name = "Author"; Value = "CERN DEM JMW"; VariantName = "[No Variations]"
Add component (AddParameter): Name = "Bonding"; Value = "No"; VariantName = "[No Variations]"
Add component (AddParameter): Name = "Component Type"; Value = "Standard"; VariantName = "[No Variations]"
Add component (AddParameter): Name = "ComponentHeight"; Value = "24mm"; VariantName = "[No Variations]"
Add component (AddParameter): Name = "CreateDate"; Value = "15/02/2013"; VariantName = "[No Variations]"
Add component (AddParameter): Name = "Device"; Value = "TMPM 10124"; VariantName = "[No Variations]"
Add component (AddParameter): Name = "HelpURL"; Value = "\\cern.ch\dfs\Applications\Altium\Datasheets\TMPM 10124.pdf"; VariantName = "[No Variations]"
Add component (AddParameter): Name = "LatestRevisionDate"; Value = "15/02/2013"; VariantName = "[No Variations]"
Add component (AddParameter): Name = "Manufacturer"; Value = "TRACO POWER"; VariantName = "[No Variations]"
Add component (AddParameter): Name = "Manufacturer Part Number"; Value = "TMPM 10124"; VariantName = "[No Variations]"
Add component (AddParameter): Name = "Mounted"; Value = "Yes"; VariantName = "[No Variations]"
Add component (AddParameter): Name = "PackageDescription"; Value = "TMPM 10 Series, Body 52.4x27.2mm, Power Supply"; VariantName = "[No Variations]"
Add component (AddParameter): Name = "Part Description"; Value = "85-264VAC To 24VDC (417mA) 10W Power Supply"; VariantName = "[No Variations]"
Add component (AddParameter): Name = "Part Number"; Value = "TMPM 10124"; VariantName = "[No Variations]"
Add component (AddParameter): Name = "Pin Count"; Value = "4"; VariantName = "[No Variations]"
Add component (AddParameter): Name = "PressFit"; Value = "No"; VariantName = "[No Variations]"
Add component (AddParameter): Name = "Sense"; Value = "No"; VariantName = "[No Variations]"
Add component (AddParameter): Name = "SMD"; Value = "No"; VariantName = "[No Variations]"
Add component (AddParameter): Name = "Socket"; Value = "No"; VariantName = "[No Variations]"
Add component (AddParameter): Name = "Status"; Value = "None"; VariantName = "[No Variations]"
Added Member To Class: ClassName=esquema Member=Component IC? TMPM 10124
