Removed Member From Class: ClassName=esquema Member=PS1
Added Component: Designator=IC?(QFN50P500X500X100-33N-S325)
Add component (AddParameter): Name = "Author"; Value = "CERN DEM JLC"; VariantName = "[No Variations]"
Add component (AddParameter): Name = "Bonding"; Value = "No"; VariantName = "[No Variations]"
Add component (AddParameter): Name = "Case"; Value = "QFN32"; VariantName = "[No Variations]"
Add component (AddParameter): Name = "Component Type"; Value = "Standard"; VariantName = "[No Variations]"
Add component (AddParameter): Name = "ComponentHeight"; Value = "1mm"; VariantName = "[No Variations]"
Add component (AddParameter): Name = "CreateDate"; Value = "08/02/2011"; VariantName = "[No Variations]"
Add component (AddParameter): Name = "Device"; Value = "ATMEGA328P-MU"; VariantName = "[No Variations]"
Add component (AddParameter): Name = "HelpURL"; Value = "\\cern.ch\dfs\Applications\Altium\Datasheets\ATMEGA328P-MU.pdf"; VariantName = "[No Variations]"
Add component (AddParameter): Name = "LatestRevisionDate"; Value = "02/07/2014"; VariantName = "[No Variations]"
Add component (AddParameter): Name = "Manufacturer"; Value = "ATMEL"; VariantName = "[No Variations]"
Add component (AddParameter): Name = "Manufacturer Part Number"; Value = "ATMEGA328P-MU"; VariantName = "[No Variations]"
Add component (AddParameter): Name = "Mounted"; Value = "Yes"; VariantName = "[No Variations]"
Add component (AddParameter): Name = "PackageDescription"; Value = "QFN, (MO-220-VHHD-2) 0.50mm pitch,square; 8 pin X 8 pin, 5mm X 5mm X 1.00mm H body (w/thermal tab 3.25 X 3.25mm),  IPC Medium Density"; VariantName = "[No Variations]"
Add component (AddParameter): Name = "Part Description"; Value = "8-bit AVR Microcontroller, 32KB Flash, 1KB EEPROM, 2KB SRAM, 32-pin MLF, Industrial Grade (-40°C to 85°C)"; VariantName = "[No Variations]"
Add component (AddParameter): Name = "Part Number"; Value = "ATMEGA328P-MU"; VariantName = "[No Variations]"
Add component (AddParameter): Name = "Pin Count"; Value = "33"; VariantName = "[No Variations]"
Add component (AddParameter): Name = "PressFit"; Value = "No"; VariantName = "[No Variations]"
Add component (AddParameter): Name = "Sense"; Value = "No"; VariantName = "[No Variations]"
Add component (AddParameter): Name = "SMD"; Value = "Yes"; VariantName = "[No Variations]"
Add component (AddParameter): Name = "Socket"; Value = "No"; VariantName = "[No Variations]"
Added Component: Designator=IC?(QFP80P900X900X120-32N)
Add component (AddParameter): Name = "Author"; Value = "CERN DEM JLC"; VariantName = "[No Variations]"
Add component (AddParameter): Name = "Bonding"; Value = "No"; VariantName = "[No Variations]"
Add component (AddParameter): Name = "Case"; Value = "QFP32"; VariantName = "[No Variations]"
Add component (AddParameter): Name = "Component Type"; Value = "Standard"; VariantName = "[No Variations]"
Add component (AddParameter): Name = "ComponentHeight"; Value = "1.2mm"; VariantName = "[No Variations]"
Add component (AddParameter): Name = "CreateDate"; Value = "02/07/2014"; VariantName = "[No Variations]"
Add component (AddParameter): Name = "Device"; Value = "ATMEGA328P-AU"; VariantName = "[No Variations]"
Add component (AddParameter): Name = "HelpURL"; Value = "\\cern.ch\dfs\Applications\Altium\Datasheets\ATMEGA328P-AU.pdf"; VariantName = "[No Variations]"
Add component (AddParameter): Name = "LatestRevisionDate"; Value = "02/07/2014"; VariantName = "[No Variations]"
Add component (AddParameter): Name = "Manufacturer"; Value = "ATMEL"; VariantName = "[No Variations]"
Add component (AddParameter): Name = "Manufacturer Part Number"; Value = "ATMEGA328P-AU"; VariantName = "[No Variations]"
Add component (AddParameter): Name = "Mounted"; Value = "Yes"; VariantName = "[No Variations]"
Add component (AddParameter): Name = "PackageDescription"; Value = "QFP,0.80mm Pitch, Square; 32 Pin, 7.00mm L X 7.00mm W X 1.20mm H Body, IPC Medium Density"; VariantName = "[No Variations]"
Add component (AddParameter): Name = "Part Description"; Value = "8-bit AVR Microcontroller, 32KB Flash, 1KB EEPROM, 2KB SRAM, 32-pin TQFP, Industrial Grade (-40°C to 85°C)"; VariantName = "[No Variations]"
Add component (AddParameter): Name = "Part Number"; Value = "ATMEGA328P-AU"; VariantName = "[No Variations]"
Add component (AddParameter): Name = "Pin Count"; Value = "32"; VariantName = "[No Variations]"
Add component (AddParameter): Name = "PressFit"; Value = "No"; VariantName = "[No Variations]"
Add component (AddParameter): Name = "Sense"; Value = "No"; VariantName = "[No Variations]"
Add component (AddParameter): Name = "SMD"; Value = "Yes"; VariantName = "[No Variations]"
Add component (AddParameter): Name = "Socket"; Value = "No"; VariantName = "[No Variations]"
Added Component: Designator=PS(HLK-10M05)
Add component (AddParameter): Name = "Author"; Value = "Juanjo"; VariantName = "[No Variations]"
Add component (AddParameter): Name = "Case"; Value = "4-DIP Module"; VariantName = "[No Variations]"
Add component (AddParameter): Name = "Component Type"; Value = "Enclosed"; VariantName = "[No Variations]"
Add component (AddParameter): Name = "CreateDate"; Value = "30/08/2021"; VariantName = "[No Variations]"
Add component (AddParameter): Name = "Family"; Value = "AC/DC Converters"; VariantName = "[No Variations]"
Add component (AddParameter): Name = "id_part"; Value = "6"; VariantName = "[No Variations]"
Add component (AddParameter): Name = "LatestRevisionDate"; Value = "30/08/2021"; VariantName = "[No Variations]"
Add component (AddParameter): Name = "Manufacturer"; Value = "Hi-link Electronic"; VariantName = "[No Variations]"
Add component (AddParameter): Name = "Manufacturer Part Number"; Value = "HLK-10M05"; VariantName = "[No Variations]"
Add component (AddParameter): Name = "Mounted"; Value = "Through Hole"; VariantName = "[No Variations]"
Add component (AddParameter): Name = "PackageDescription"; Value = "AC/DC CONVERTER 5V 10W"; VariantName = "[No Variations]"
Add component (AddParameter): Name = "Part Description"; Value = "AC/DC CONVERTER 5V 10W"; VariantName = "[No Variations]"
Add component (AddParameter): Name = "Part Number"; Value = "HLK-10M05"; VariantName = "[No Variations]"
Add component (AddParameter): Name = "Pin Count"; Value = "4"; VariantName = "[No Variations]"
Add component (AddParameter): Name = "PressFit"; Value = "No"; VariantName = "[No Variations]"
Add component (AddParameter): Name = "Sense"; Value = "No"; VariantName = "[No Variations]"
Add component (AddParameter): Name = "SMD"; Value = "No"; VariantName = "[No Variations]"
Add component (AddParameter): Name = "Socket"; Value = "No"; VariantName = "[No Variations]"
Add component (AddParameter): Name = "Value"; Value = "HLK-10M05"; VariantName = "[No Variations]"
Added Component: Designator=TR?(HLK-10M03)
Add component (AddParameter): Name = "Author"; Value = "Juanjo"; VariantName = "[No Variations]"
Add component (AddParameter): Name = "Case"; Value = "4-DIP Module"; VariantName = "[No Variations]"
Add component (AddParameter): Name = "Component Type"; Value = "Enclosed"; VariantName = "[No Variations]"
Add component (AddParameter): Name = "CreateDate"; Value = "30/08/2021"; VariantName = "[No Variations]"
Add component (AddParameter): Name = "Family"; Value = "AC/DC Converters"; VariantName = "[No Variations]"
Add component (AddParameter): Name = "id_part"; Value = "5"; VariantName = "[No Variations]"
Add component (AddParameter): Name = "LatestRevisionDate"; Value = "30/08/2021"; VariantName = "[No Variations]"
Add component (AddParameter): Name = "Manufacturer"; Value = "Hi-link Electronic"; VariantName = "[No Variations]"
Add component (AddParameter): Name = "Manufacturer Part Number"; Value = "HLK-10M03"; VariantName = "[No Variations]"
Add component (AddParameter): Name = "Mounted"; Value = "Through Hole"; VariantName = "[No Variations]"
Add component (AddParameter): Name = "PackageDescription"; Value = "AC/DC CONVERTER 3V3 10W"; VariantName = "[No Variations]"
Add component (AddParameter): Name = "Part Description"; Value = "AC/DC CONVERTER 3V3 10W"; VariantName = "[No Variations]"
Add component (AddParameter): Name = "Part Number"; Value = "HLK-10M03"; VariantName = "[No Variations]"
Add component (AddParameter): Name = "Pin Count"; Value = "4"; VariantName = "[No Variations]"
Add component (AddParameter): Name = "PressFit"; Value = "No"; VariantName = "[No Variations]"
Add component (AddParameter): Name = "Sense"; Value = "No"; VariantName = "[No Variations]"
Add component (AddParameter): Name = "SMD"; Value = "No"; VariantName = "[No Variations]"
Add component (AddParameter): Name = "Socket"; Value = "No"; VariantName = "[No Variations]"
Add component (AddParameter): Name = "Value"; Value = "HLK-10M03"; VariantName = "[No Variations]"
Added Component: Designator=TR?(HLK-5M12)
Add component (AddParameter): Name = "Author"; Value = "Juanjo"; VariantName = "[No Variations]"
Add component (AddParameter): Name = "Case"; Value = "4-DIP Module"; VariantName = "[No Variations]"
Add component (AddParameter): Name = "Component Type"; Value = "Enclosed"; VariantName = "[No Variations]"
Add component (AddParameter): Name = "CreateDate"; Value = "27/08/2021"; VariantName = "[No Variations]"
Add component (AddParameter): Name = "Family"; Value = "AC/DC Converters"; VariantName = "[No Variations]"
Add component (AddParameter): Name = "id_part"; Value = "4"; VariantName = "[No Variations]"
Add component (AddParameter): Name = "LatestRevisionDate"; Value = "27/08/2021"; VariantName = "[No Variations]"
Add component (AddParameter): Name = "Manufacturer"; Value = "Hi-link Electronic"; VariantName = "[No Variations]"
Add component (AddParameter): Name = "Manufacturer Part Number"; Value = "HLK-5M12"; VariantName = "[No Variations]"
Add component (AddParameter): Name = "Mounted"; Value = "Through Hole"; VariantName = "[No Variations]"
Add component (AddParameter): Name = "PackageDescription"; Value = "AC/DC CONVERTER 12V 5W"; VariantName = "[No Variations]"
Add component (AddParameter): Name = "Part Description"; Value = "AC/DC CONVERTER 12V 5W"; VariantName = "[No Variations]"
Add component (AddParameter): Name = "Part Number"; Value = "HLK-5M12"; VariantName = "[No Variations]"
Add component (AddParameter): Name = "Pin Count"; Value = "4"; VariantName = "[No Variations]"
Add component (AddParameter): Name = "PressFit"; Value = "No"; VariantName = "[No Variations]"
Add component (AddParameter): Name = "Sense"; Value = "No"; VariantName = "[No Variations]"
Add component (AddParameter): Name = "SMD"; Value = "No"; VariantName = "[No Variations]"
Add component (AddParameter): Name = "Socket"; Value = "No"; VariantName = "[No Variations]"
Add component (AddParameter): Name = "Value"; Value = "HLK-5M012"; VariantName = "[No Variations]"
Added Component: Designator=TR?(HLK-10M12)
Add component (AddParameter): Name = "Author"; Value = "Juanjo"; VariantName = "[No Variations]"
Add component (AddParameter): Name = "Case"; Value = "4-DIP Module"; VariantName = "[No Variations]"
Add component (AddParameter): Name = "Component Type"; Value = "Enclosed"; VariantName = "[No Variations]"
Add component (AddParameter): Name = "CreateDate"; Value = "30/08/2021"; VariantName = "[No Variations]"
Add component (AddParameter): Name = "Family"; Value = "AC/DC Converters"; VariantName = "[No Variations]"
Add component (AddParameter): Name = "id_part"; Value = "8"; VariantName = "[No Variations]"
Add component (AddParameter): Name = "LatestRevisionDate"; Value = "30/08/2021"; VariantName = "[No Variations]"
Add component (AddParameter): Name = "Manufacturer"; Value = "Hi-link Electronic"; VariantName = "[No Variations]"
Add component (AddParameter): Name = "Manufacturer Part Number"; Value = "HLK-10M12"; VariantName = "[No Variations]"
Add component (AddParameter): Name = "Mounted"; Value = "Through Hole"; VariantName = "[No Variations]"
Add component (AddParameter): Name = "PackageDescription"; Value = "AC/DC CONVERTER 12V 10W"; VariantName = "[No Variations]"
Add component (AddParameter): Name = "Part Description"; Value = "AC/DC CONVERTER 12V 10W"; VariantName = "[No Variations]"
Add component (AddParameter): Name = "Part Number"; Value = "HLK-10M12"; VariantName = "[No Variations]"
Add component (AddParameter): Name = "Pin Count"; Value = "4"; VariantName = "[No Variations]"
Add component (AddParameter): Name = "PressFit"; Value = "No"; VariantName = "[No Variations]"
Add component (AddParameter): Name = "Sense"; Value = "No"; VariantName = "[No Variations]"
Add component (AddParameter): Name = "SMD"; Value = "No"; VariantName = "[No Variations]"
Add component (AddParameter): Name = "Socket"; Value = "No"; VariantName = "[No Variations]"
Add component (AddParameter): Name = "Value"; Value = "HLK-10M12"; VariantName = "[No Variations]"
Added Component: Designator=TR?(HLK-10M09)
Add component (AddParameter): Name = "Author"; Value = "Juanjo"; VariantName = "[No Variations]"
Add component (AddParameter): Name = "Case"; Value = "4-DIP Module"; VariantName = "[No Variations]"
Add component (AddParameter): Name = "Component Type"; Value = "Enclosed"; VariantName = "[No Variations]"
Add component (AddParameter): Name = "CreateDate"; Value = "30/08/2021"; VariantName = "[No Variations]"
Add component (AddParameter): Name = "Family"; Value = "AC/DC Converters"; VariantName = "[No Variations]"
Add component (AddParameter): Name = "id_part"; Value = "7"; VariantName = "[No Variations]"
Add component (AddParameter): Name = "LatestRevisionDate"; Value = "30/08/2021"; VariantName = "[No Variations]"
Add component (AddParameter): Name = "Manufacturer"; Value = "Hi-link Electronic"; VariantName = "[No Variations]"
Add component (AddParameter): Name = "Manufacturer Part Number"; Value = "HLK-10M09"; VariantName = "[No Variations]"
Add component (AddParameter): Name = "Mounted"; Value = "Through Hole"; VariantName = "[No Variations]"
Add component (AddParameter): Name = "PackageDescription"; Value = "AC/DC CONVERTER 9V 10W"; VariantName = "[No Variations]"
Add component (AddParameter): Name = "Part Description"; Value = "AC/DC CONVERTER 9V 10W"; VariantName = "[No Variations]"
Add component (AddParameter): Name = "Part Number"; Value = "HLK-10M09"; VariantName = "[No Variations]"
Add component (AddParameter): Name = "Pin Count"; Value = "4"; VariantName = "[No Variations]"
Add component (AddParameter): Name = "PressFit"; Value = "No"; VariantName = "[No Variations]"
Add component (AddParameter): Name = "Sense"; Value = "No"; VariantName = "[No Variations]"
Add component (AddParameter): Name = "SMD"; Value = "No"; VariantName = "[No Variations]"
Add component (AddParameter): Name = "Socket"; Value = "No"; VariantName = "[No Variations]"
Add component (AddParameter): Name = "Value"; Value = "HLK-10M09"; VariantName = "[No Variations]"
Added Component: Designator=TR?(HLK-10M24)
Add component (AddParameter): Name = "Author"; Value = "Juanjo"; VariantName = "[No Variations]"
Add component (AddParameter): Name = "Case"; Value = "4-DIP Module"; VariantName = "[No Variations]"
Add component (AddParameter): Name = "Component Type"; Value = "Enclosed"; VariantName = "[No Variations]"
Add component (AddParameter): Name = "CreateDate"; Value = "30/08/2021"; VariantName = "[No Variations]"
Add component (AddParameter): Name = "Family"; Value = "AC/DC Converters"; VariantName = "[No Variations]"
Add component (AddParameter): Name = "id_part"; Value = "9"; VariantName = "[No Variations]"
Add component (AddParameter): Name = "LatestRevisionDate"; Value = "30/08/2021"; VariantName = "[No Variations]"
Add component (AddParameter): Name = "Manufacturer"; Value = "Hi-link Electronic"; VariantName = "[No Variations]"
Add component (AddParameter): Name = "Manufacturer Part Number"; Value = "HLK-10M24"; VariantName = "[No Variations]"
Add component (AddParameter): Name = "Mounted"; Value = "Through Hole"; VariantName = "[No Variations]"
Add component (AddParameter): Name = "PackageDescription"; Value = "AC/DC CONVERTER 24V 10W"; VariantName = "[No Variations]"
Add component (AddParameter): Name = "Part Description"; Value = "AC/DC CONVERTER 24V 10W"; VariantName = "[No Variations]"
Add component (AddParameter): Name = "Part Number"; Value = "HLK-10M24"; VariantName = "[No Variations]"
Add component (AddParameter): Name = "Pin Count"; Value = "4"; VariantName = "[No Variations]"
Add component (AddParameter): Name = "PressFit"; Value = "No"; VariantName = "[No Variations]"
Add component (AddParameter): Name = "Sense"; Value = "No"; VariantName = "[No Variations]"
Add component (AddParameter): Name = "SMD"; Value = "No"; VariantName = "[No Variations]"
Add component (AddParameter): Name = "Socket"; Value = "No"; VariantName = "[No Variations]"
Add component (AddParameter): Name = "Value"; Value = "HLK-10M24"; VariantName = "[No Variations]"
Added Component: Designator=TR?(HLK-5M03)
Add component (AddParameter): Name = "Author"; Value = "Juanjo"; VariantName = "[No Variations]"
Add component (AddParameter): Name = "Case"; Value = "4-DIP Module"; VariantName = "[No Variations]"
Add component (AddParameter): Name = "Component Type"; Value = "Enclosed"; VariantName = "[No Variations]"
Add component (AddParameter): Name = "CreateDate"; Value = "27/08/2021"; VariantName = "[No Variations]"
Add component (AddParameter): Name = "Family"; Value = "AC/DC Converters"; VariantName = "[No Variations]"
Add component (AddParameter): Name = "id_part"; Value = "1"; VariantName = "[No Variations]"
Add component (AddParameter): Name = "LatestRevisionDate"; Value = "27/08/2021"; VariantName = "[No Variations]"
Add component (AddParameter): Name = "Manufacturer"; Value = "Hi-link Electronic"; VariantName = "[No Variations]"
Add component (AddParameter): Name = "Manufacturer Part Number"; Value = "HLK-5M03"; VariantName = "[No Variations]"
Add component (AddParameter): Name = "Mounted"; Value = "Through Hole"; VariantName = "[No Variations]"
Add component (AddParameter): Name = "PackageDescription"; Value = "AC/DC CONVERTER 3V3 5W"; VariantName = "[No Variations]"
Add component (AddParameter): Name = "Part Description"; Value = "AC/DC CONVERTER 3V3 5W"; VariantName = "[No Variations]"
Add component (AddParameter): Name = "Part Number"; Value = "HLK-5M03"; VariantName = "[No Variations]"
Add component (AddParameter): Name = "Pin Count"; Value = "4"; VariantName = "[No Variations]"
Add component (AddParameter): Name = "PressFit"; Value = "No"; VariantName = "[No Variations]"
Add component (AddParameter): Name = "Sense"; Value = "No"; VariantName = "[No Variations]"
Add component (AddParameter): Name = "SMD"; Value = "No"; VariantName = "[No Variations]"
Add component (AddParameter): Name = "Socket"; Value = "No"; VariantName = "[No Variations]"
Add component (AddParameter): Name = "Value"; Value = "HLK-5M03"; VariantName = "[No Variations]"
Added Component: Designator=TR?(HLK-5M12)
Add component (AddParameter): Name = "Author"; Value = "Juanjo"; VariantName = "[No Variations]"
Add component (AddParameter): Name = "Case"; Value = "4-DIP Module"; VariantName = "[No Variations]"
Add component (AddParameter): Name = "Component Type"; Value = "Enclosed"; VariantName = "[No Variations]"
Add component (AddParameter): Name = "CreateDate"; Value = "27/08/2021"; VariantName = "[No Variations]"
Add component (AddParameter): Name = "Family"; Value = "AC/DC Converters"; VariantName = "[No Variations]"
Add component (AddParameter): Name = "id_part"; Value = "4"; VariantName = "[No Variations]"
Add component (AddParameter): Name = "LatestRevisionDate"; Value = "27/08/2021"; VariantName = "[No Variations]"
Add component (AddParameter): Name = "Manufacturer"; Value = "Hi-link Electronic"; VariantName = "[No Variations]"
Add component (AddParameter): Name = "Manufacturer Part Number"; Value = "HLK-5M12"; VariantName = "[No Variations]"
Add component (AddParameter): Name = "Mounted"; Value = "Through Hole"; VariantName = "[No Variations]"
Add component (AddParameter): Name = "PackageDescription"; Value = "AC/DC CONVERTER 12V 5W"; VariantName = "[No Variations]"
Add component (AddParameter): Name = "Part Description"; Value = "AC/DC CONVERTER 12V 5W"; VariantName = "[No Variations]"
Add component (AddParameter): Name = "Part Number"; Value = "HLK-5M12"; VariantName = "[No Variations]"
Add component (AddParameter): Name = "Pin Count"; Value = "4"; VariantName = "[No Variations]"
Add component (AddParameter): Name = "PressFit"; Value = "No"; VariantName = "[No Variations]"
Add component (AddParameter): Name = "Sense"; Value = "No"; VariantName = "[No Variations]"
Add component (AddParameter): Name = "SMD"; Value = "No"; VariantName = "[No Variations]"
Add component (AddParameter): Name = "Socket"; Value = "No"; VariantName = "[No Variations]"
Add component (AddParameter): Name = "Value"; Value = "HLK-5M012"; VariantName = "[No Variations]"
Added Component: Designator=TR?(HLK-10M09)
Add component (AddParameter): Name = "Author"; Value = "Juanjo"; VariantName = "[No Variations]"
Add component (AddParameter): Name = "Case"; Value = "4-DIP Module"; VariantName = "[No Variations]"
Add component (AddParameter): Name = "Component Type"; Value = "Enclosed"; VariantName = "[No Variations]"
Add component (AddParameter): Name = "CreateDate"; Value = "30/08/2021"; VariantName = "[No Variations]"
Add component (AddParameter): Name = "Family"; Value = "AC/DC Converters"; VariantName = "[No Variations]"
Add component (AddParameter): Name = "id_part"; Value = "7"; VariantName = "[No Variations]"
Add component (AddParameter): Name = "LatestRevisionDate"; Value = "30/08/2021"; VariantName = "[No Variations]"
Add component (AddParameter): Name = "Manufacturer"; Value = "Hi-link Electronic"; VariantName = "[No Variations]"
Add component (AddParameter): Name = "Manufacturer Part Number"; Value = "HLK-10M09"; VariantName = "[No Variations]"
Add component (AddParameter): Name = "Mounted"; Value = "Through Hole"; VariantName = "[No Variations]"
Add component (AddParameter): Name = "PackageDescription"; Value = "AC/DC CONVERTER 9V 10W"; VariantName = "[No Variations]"
Add component (AddParameter): Name = "Part Description"; Value = "AC/DC CONVERTER 9V 10W"; VariantName = "[No Variations]"
Add component (AddParameter): Name = "Part Number"; Value = "HLK-10M09"; VariantName = "[No Variations]"
Add component (AddParameter): Name = "Pin Count"; Value = "4"; VariantName = "[No Variations]"
Add component (AddParameter): Name = "PressFit"; Value = "No"; VariantName = "[No Variations]"
Add component (AddParameter): Name = "Sense"; Value = "No"; VariantName = "[No Variations]"
Add component (AddParameter): Name = "SMD"; Value = "No"; VariantName = "[No Variations]"
Add component (AddParameter): Name = "Socket"; Value = "No"; VariantName = "[No Variations]"
Add component (AddParameter): Name = "Value"; Value = "HLK-10M09"; VariantName = "[No Variations]"
Added Component: Designator=TR?(HLK-10M05)
Add component (AddParameter): Name = "Author"; Value = "Juanjo"; VariantName = "[No Variations]"
Add component (AddParameter): Name = "Case"; Value = "4-DIP Module"; VariantName = "[No Variations]"
Add component (AddParameter): Name = "Component Type"; Value = "Enclosed"; VariantName = "[No Variations]"
Add component (AddParameter): Name = "CreateDate"; Value = "30/08/2021"; VariantName = "[No Variations]"
Add component (AddParameter): Name = "Family"; Value = "AC/DC Converters"; VariantName = "[No Variations]"
Add component (AddParameter): Name = "id_part"; Value = "6"; VariantName = "[No Variations]"
Add component (AddParameter): Name = "LatestRevisionDate"; Value = "30/08/2021"; VariantName = "[No Variations]"
Add component (AddParameter): Name = "Manufacturer"; Value = "Hi-link Electronic"; VariantName = "[No Variations]"
Add component (AddParameter): Name = "Manufacturer Part Number"; Value = "HLK-10M05"; VariantName = "[No Variations]"
Add component (AddParameter): Name = "Mounted"; Value = "Through Hole"; VariantName = "[No Variations]"
Add component (AddParameter): Name = "PackageDescription"; Value = "AC/DC CONVERTER 5V 10W"; VariantName = "[No Variations]"
Add component (AddParameter): Name = "Part Description"; Value = "AC/DC CONVERTER 5V 10W"; VariantName = "[No Variations]"
Add component (AddParameter): Name = "Part Number"; Value = "HLK-10M05"; VariantName = "[No Variations]"
Add component (AddParameter): Name = "Pin Count"; Value = "4"; VariantName = "[No Variations]"
Add component (AddParameter): Name = "PressFit"; Value = "No"; VariantName = "[No Variations]"
Add component (AddParameter): Name = "Sense"; Value = "No"; VariantName = "[No Variations]"
Add component (AddParameter): Name = "SMD"; Value = "No"; VariantName = "[No Variations]"
Add component (AddParameter): Name = "Socket"; Value = "No"; VariantName = "[No Variations]"
Add component (AddParameter): Name = "Value"; Value = "HLK-10M05"; VariantName = "[No Variations]"
Added Component: Designator=TR?(HLK-10M24)
Add component (AddParameter): Name = "Author"; Value = "Juanjo"; VariantName = "[No Variations]"
Add component (AddParameter): Name = "Case"; Value = "4-DIP Module"; VariantName = "[No Variations]"
Add component (AddParameter): Name = "Component Type"; Value = "Enclosed"; VariantName = "[No Variations]"
Add component (AddParameter): Name = "CreateDate"; Value = "30/08/2021"; VariantName = "[No Variations]"
Add component (AddParameter): Name = "Family"; Value = "AC/DC Converters"; VariantName = "[No Variations]"
Add component (AddParameter): Name = "id_part"; Value = "9"; VariantName = "[No Variations]"
Add component (AddParameter): Name = "LatestRevisionDate"; Value = "30/08/2021"; VariantName = "[No Variations]"
Add component (AddParameter): Name = "Manufacturer"; Value = "Hi-link Electronic"; VariantName = "[No Variations]"
Add component (AddParameter): Name = "Manufacturer Part Number"; Value = "HLK-10M24"; VariantName = "[No Variations]"
Add component (AddParameter): Name = "Mounted"; Value = "Through Hole"; VariantName = "[No Variations]"
Add component (AddParameter): Name = "PackageDescription"; Value = "AC/DC CONVERTER 24V 10W"; VariantName = "[No Variations]"
Add component (AddParameter): Name = "Part Description"; Value = "AC/DC CONVERTER 24V 10W"; VariantName = "[No Variations]"
Add component (AddParameter): Name = "Part Number"; Value = "HLK-10M24"; VariantName = "[No Variations]"
Add component (AddParameter): Name = "Pin Count"; Value = "4"; VariantName = "[No Variations]"
Add component (AddParameter): Name = "PressFit"; Value = "No"; VariantName = "[No Variations]"
Add component (AddParameter): Name = "Sense"; Value = "No"; VariantName = "[No Variations]"
Add component (AddParameter): Name = "SMD"; Value = "No"; VariantName = "[No Variations]"
Add component (AddParameter): Name = "Socket"; Value = "No"; VariantName = "[No Variations]"
Add component (AddParameter): Name = "Value"; Value = "HLK-10M24"; VariantName = "[No Variations]"
Added Component: Designator=TR?(HLK-5M05)
Add component (AddParameter): Name = "Author"; Value = "Juanjo"; VariantName = "[No Variations]"
Add component (AddParameter): Name = "Case"; Value = "4-DIP Module"; VariantName = "[No Variations]"
Add component (AddParameter): Name = "Component Type"; Value = "Enclosed"; VariantName = "[No Variations]"
Add component (AddParameter): Name = "CreateDate"; Value = "27/08/2021"; VariantName = "[No Variations]"
Add component (AddParameter): Name = "Family"; Value = "AC/DC Converters"; VariantName = "[No Variations]"
Add component (AddParameter): Name = "id_part"; Value = "2"; VariantName = "[No Variations]"
Add component (AddParameter): Name = "LatestRevisionDate"; Value = "27/08/2021"; VariantName = "[No Variations]"
Add component (AddParameter): Name = "Manufacturer"; Value = "Hi-link Electronic"; VariantName = "[No Variations]"
Add component (AddParameter): Name = "Manufacturer Part Number"; Value = "HLK-5M05"; VariantName = "[No Variations]"
Add component (AddParameter): Name = "Mounted"; Value = "Through Hole"; VariantName = "[No Variations]"
Add component (AddParameter): Name = "PackageDescription"; Value = "AC/DC CONVERTER 5V 5W"; VariantName = "[No Variations]"
Add component (AddParameter): Name = "Part Description"; Value = "AC/DC CONVERTER 5V 5W"; VariantName = "[No Variations]"
Add component (AddParameter): Name = "Part Number"; Value = "HLK-5M05"; VariantName = "[No Variations]"
Add component (AddParameter): Name = "Pin Count"; Value = "4"; VariantName = "[No Variations]"
Add component (AddParameter): Name = "PressFit"; Value = "No"; VariantName = "[No Variations]"
Add component (AddParameter): Name = "Sense"; Value = "No"; VariantName = "[No Variations]"
Add component (AddParameter): Name = "SMD"; Value = "No"; VariantName = "[No Variations]"
Add component (AddParameter): Name = "Socket"; Value = "No"; VariantName = "[No Variations]"
Add component (AddParameter): Name = "Value"; Value = "HLK-5M05"; VariantName = "[No Variations]"
Added Component: Designator=TR?(HLK-5M12)
Add component (AddParameter): Name = "Author"; Value = "Juanjo"; VariantName = "[No Variations]"
Add component (AddParameter): Name = "Case"; Value = "4-DIP Module"; VariantName = "[No Variations]"
Add component (AddParameter): Name = "Component Type"; Value = "Enclosed"; VariantName = "[No Variations]"
Add component (AddParameter): Name = "CreateDate"; Value = "27/08/2021"; VariantName = "[No Variations]"
Add component (AddParameter): Name = "Family"; Value = "AC/DC Converters"; VariantName = "[No Variations]"
Add component (AddParameter): Name = "id_part"; Value = "4"; VariantName = "[No Variations]"
Add component (AddParameter): Name = "LatestRevisionDate"; Value = "27/08/2021"; VariantName = "[No Variations]"
Add component (AddParameter): Name = "Manufacturer"; Value = "Hi-link Electronic"; VariantName = "[No Variations]"
Add component (AddParameter): Name = "Manufacturer Part Number"; Value = "HLK-5M12"; VariantName = "[No Variations]"
Add component (AddParameter): Name = "Mounted"; Value = "Through Hole"; VariantName = "[No Variations]"
Add component (AddParameter): Name = "PackageDescription"; Value = "AC/DC CONVERTER 12V 5W"; VariantName = "[No Variations]"
Add component (AddParameter): Name = "Part Description"; Value = "AC/DC CONVERTER 12V 5W"; VariantName = "[No Variations]"
Add component (AddParameter): Name = "Part Number"; Value = "HLK-5M12"; VariantName = "[No Variations]"
Add component (AddParameter): Name = "Pin Count"; Value = "4"; VariantName = "[No Variations]"
Add component (AddParameter): Name = "PressFit"; Value = "No"; VariantName = "[No Variations]"
Add component (AddParameter): Name = "Sense"; Value = "No"; VariantName = "[No Variations]"
Add component (AddParameter): Name = "SMD"; Value = "No"; VariantName = "[No Variations]"
Add component (AddParameter): Name = "Socket"; Value = "No"; VariantName = "[No Variations]"
Add component (AddParameter): Name = "Value"; Value = "HLK-5M012"; VariantName = "[No Variations]"
Added Component: Designator=TR?(HLK-5M09)
Add component (AddParameter): Name = "Author"; Value = "Juanjo"; VariantName = "[No Variations]"
Add component (AddParameter): Name = "Case"; Value = "4-DIP Module"; VariantName = "[No Variations]"
Add component (AddParameter): Name = "Component Type"; Value = "Enclosed"; VariantName = "[No Variations]"
Add component (AddParameter): Name = "CreateDate"; Value = "27/08/2021"; VariantName = "[No Variations]"
Add component (AddParameter): Name = "Family"; Value = "AC/DC Converters"; VariantName = "[No Variations]"
Add component (AddParameter): Name = "id_part"; Value = "3"; VariantName = "[No Variations]"
Add component (AddParameter): Name = "LatestRevisionDate"; Value = "27/08/2021"; VariantName = "[No Variations]"
Add component (AddParameter): Name = "Manufacturer"; Value = "Hi-link Electronic"; VariantName = "[No Variations]"
Add component (AddParameter): Name = "Manufacturer Part Number"; Value = "HLK-5M09"; VariantName = "[No Variations]"
Add component (AddParameter): Name = "Mounted"; Value = "Through Hole"; VariantName = "[No Variations]"
Add component (AddParameter): Name = "PackageDescription"; Value = "AC/DC CONVERTER 9V 5W"; VariantName = "[No Variations]"
Add component (AddParameter): Name = "Part Description"; Value = "AC/DC CONVERTER 9V 5W"; VariantName = "[No Variations]"
Add component (AddParameter): Name = "Part Number"; Value = "HLK-5M09"; VariantName = "[No Variations]"
Add component (AddParameter): Name = "Pin Count"; Value = "4"; VariantName = "[No Variations]"
Add component (AddParameter): Name = "PressFit"; Value = "No"; VariantName = "[No Variations]"
Add component (AddParameter): Name = "Sense"; Value = "No"; VariantName = "[No Variations]"
Add component (AddParameter): Name = "SMD"; Value = "No"; VariantName = "[No Variations]"
Add component (AddParameter): Name = "Socket"; Value = "No"; VariantName = "[No Variations]"
Add component (AddParameter): Name = "Value"; Value = "HLK-5M09"; VariantName = "[No Variations]"
Added Pin To Net: NetName=NetFH1_2 Pin=PS-1
Added Pin To Net: NetName=NetIC1_16 Pin=IC1-16
Added Pin To Net: NetName=NetIC1_16 Pin=PS-3
Added Net: Name=NetIC1_16
Added Pin To Net: NetName=NetPS_2 Pin=PS-2
Added Pin To Net: NetName=NetPS_2 Pin=RT1-1
Added Net: Name=NetPS_2
Added Member To Class: ClassName=esquema Member=Component IC? ATMEGA328P-MU
Added Member To Class: ClassName=esquema Member=Component IC? ATMEGA328P-AU
Added Member To Class: ClassName=esquema Member=Component TR? HLK-10M03
Added Member To Class: ClassName=esquema Member=Component TR? HLK-5M012
Added Member To Class: ClassName=esquema Member=Component TR? HLK-10M12
Added Member To Class: ClassName=esquema Member=Component TR? HLK-10M09
Added Member To Class: ClassName=esquema Member=Component TR? HLK-10M24
Added Member To Class: ClassName=esquema Member=Component TR? HLK-5M03
Added Member To Class: ClassName=esquema Member=Component TR? HLK-5M012
Added Member To Class: ClassName=esquema Member=Component TR? HLK-10M09
Added Member To Class: ClassName=esquema Member=Component TR? HLK-10M05
Added Member To Class: ClassName=esquema Member=Component TR? HLK-10M24
Added Member To Class: ClassName=esquema Member=Component TR? HLK-5M05
Added Member To Class: ClassName=esquema Member=Component TR? HLK-5M012
Added Member To Class: ClassName=esquema Member=Component TR? HLK-5M09
Added Room: Name=esquema
