Added Component: Designator=PS(HLK-10M24)
Add component (AddParameter): Name = "Author"; Value = "Juanjo"; VariantName = "[No Variations]"
Add component (AddParameter): Name = "Case"; Value = "4-DIP Module"; VariantName = "[No Variations]"
Add component (AddParameter): Name = "Component Type"; Value = "Enclosed"; VariantName = "[No Variations]"
Add component (AddParameter): Name = "CreateDate"; Value = "30/08/2021"; VariantName = "[No Variations]"
Add component (AddParameter): Name = "Family"; Value = "AC/DC Converters"; VariantName = "[No Variations]"
Add component (AddParameter): Name = "id_part"; Value = "9"; VariantName = "[No Variations]"
Add component (AddParameter): Name = "LatestRevisionDate"; Value = "30/08/2021"; VariantName = "[No Variations]"
Add component (AddParameter): Name = "Manufacturer"; Value = "Hi-link Electronic"; VariantName = "[No Variations]"
Add component (AddParameter): Name = "Manufacturer Part Number"; Value = "HLK-10M24"; VariantName = "[No Variations]"
Add component (AddParameter): Name = "Mounted"; Value = "Through Hole"; VariantName = "[No Variations]"
Add component (AddParameter): Name = "PackageDescription"; Value = "AC/DC CONVERTER 24V 10W"; VariantName = "[No Variations]"
Add component (AddParameter): Name = "Part Description"; Value = "AC/DC CONVERTER 24V 10W"; VariantName = "[No Variations]"
Add component (AddParameter): Name = "Part Number"; Value = "HLK-10M24"; VariantName = "[No Variations]"
Add component (AddParameter): Name = "Pin Count"; Value = "4"; VariantName = "[No Variations]"
Add component (AddParameter): Name = "PressFit"; Value = "No"; VariantName = "[No Variations]"
Add component (AddParameter): Name = "Sense"; Value = "No"; VariantName = "[No Variations]"
Add component (AddParameter): Name = "SMD"; Value = "No"; VariantName = "[No Variations]"
Add component (AddParameter): Name = "Socket"; Value = "No"; VariantName = "[No Variations]"
Add component (AddParameter): Name = "Value"; Value = "HLK-10M24"; VariantName = "[No Variations]"
Added Component: Designator=PS(HLK-10M03)
Add component (AddParameter): Name = "Author"; Value = "Juanjo"; VariantName = "[No Variations]"
Add component (AddParameter): Name = "Case"; Value = "4-DIP Module"; VariantName = "[No Variations]"
Add component (AddParameter): Name = "Component Type"; Value = "Enclosed"; VariantName = "[No Variations]"
Add component (AddParameter): Name = "CreateDate"; Value = "30/08/2021"; VariantName = "[No Variations]"
Add component (AddParameter): Name = "Family"; Value = "AC/DC Converters"; VariantName = "[No Variations]"
Add component (AddParameter): Name = "id_part"; Value = "5"; VariantName = "[No Variations]"
Add component (AddParameter): Name = "LatestRevisionDate"; Value = "30/08/2021"; VariantName = "[No Variations]"
Add component (AddParameter): Name = "Manufacturer"; Value = "Hi-link Electronic"; VariantName = "[No Variations]"
Add component (AddParameter): Name = "Manufacturer Part Number"; Value = "HLK-10M03"; VariantName = "[No Variations]"
Add component (AddParameter): Name = "Mounted"; Value = "Through Hole"; VariantName = "[No Variations]"
Add component (AddParameter): Name = "PackageDescription"; Value = "AC/DC CONVERTER 3V3 10W"; VariantName = "[No Variations]"
Add component (AddParameter): Name = "Part Description"; Value = "AC/DC CONVERTER 3V3 10W"; VariantName = "[No Variations]"
Add component (AddParameter): Name = "Part Number"; Value = "HLK-10M03"; VariantName = "[No Variations]"
Add component (AddParameter): Name = "Pin Count"; Value = "4"; VariantName = "[No Variations]"
Add component (AddParameter): Name = "PressFit"; Value = "No"; VariantName = "[No Variations]"
Add component (AddParameter): Name = "Sense"; Value = "No"; VariantName = "[No Variations]"
Add component (AddParameter): Name = "SMD"; Value = "No"; VariantName = "[No Variations]"
Add component (AddParameter): Name = "Socket"; Value = "No"; VariantName = "[No Variations]"
Add component (AddParameter): Name = "Value"; Value = "HLK-10M03"; VariantName = "[No Variations]"
Added Component: Designator=PS(HLK-10M05)
Add component (AddParameter): Name = "Author"; Value = "Juanjo"; VariantName = "[No Variations]"
Add component (AddParameter): Name = "Case"; Value = "4-DIP Module"; VariantName = "[No Variations]"
Add component (AddParameter): Name = "Component Type"; Value = "Enclosed"; VariantName = "[No Variations]"
Add component (AddParameter): Name = "CreateDate"; Value = "30/08/2021"; VariantName = "[No Variations]"
Add component (AddParameter): Name = "Family"; Value = "AC/DC Converters"; VariantName = "[No Variations]"
Add component (AddParameter): Name = "id_part"; Value = "6"; VariantName = "[No Variations]"
Add component (AddParameter): Name = "LatestRevisionDate"; Value = "30/08/2021"; VariantName = "[No Variations]"
Add component (AddParameter): Name = "Manufacturer"; Value = "Hi-link Electronic"; VariantName = "[No Variations]"
Add component (AddParameter): Name = "Manufacturer Part Number"; Value = "HLK-10M05"; VariantName = "[No Variations]"
Add component (AddParameter): Name = "Mounted"; Value = "Through Hole"; VariantName = "[No Variations]"
Add component (AddParameter): Name = "PackageDescription"; Value = "AC/DC CONVERTER 5V 10W"; VariantName = "[No Variations]"
Add component (AddParameter): Name = "Part Description"; Value = "AC/DC CONVERTER 5V 10W"; VariantName = "[No Variations]"
Add component (AddParameter): Name = "Part Number"; Value = "HLK-10M05"; VariantName = "[No Variations]"
Add component (AddParameter): Name = "Pin Count"; Value = "4"; VariantName = "[No Variations]"
Add component (AddParameter): Name = "PressFit"; Value = "No"; VariantName = "[No Variations]"
Add component (AddParameter): Name = "Sense"; Value = "No"; VariantName = "[No Variations]"
Add component (AddParameter): Name = "SMD"; Value = "No"; VariantName = "[No Variations]"
Add component (AddParameter): Name = "Socket"; Value = "No"; VariantName = "[No Variations]"
Add component (AddParameter): Name = "Value"; Value = "HLK-10M05"; VariantName = "[No Variations]"
Added Component: Designator=PS(HLK-10M12)
Add component (AddParameter): Name = "Author"; Value = "Juanjo"; VariantName = "[No Variations]"
Add component (AddParameter): Name = "Case"; Value = "4-DIP Module"; VariantName = "[No Variations]"
Add component (AddParameter): Name = "Component Type"; Value = "Enclosed"; VariantName = "[No Variations]"
Add component (AddParameter): Name = "CreateDate"; Value = "30/08/2021"; VariantName = "[No Variations]"
Add component (AddParameter): Name = "Family"; Value = "AC/DC Converters"; VariantName = "[No Variations]"
Add component (AddParameter): Name = "id_part"; Value = "8"; VariantName = "[No Variations]"
Add component (AddParameter): Name = "LatestRevisionDate"; Value = "30/08/2021"; VariantName = "[No Variations]"
Add component (AddParameter): Name = "Manufacturer"; Value = "Hi-link Electronic"; VariantName = "[No Variations]"
Add component (AddParameter): Name = "Manufacturer Part Number"; Value = "HLK-10M12"; VariantName = "[No Variations]"
Add component (AddParameter): Name = "Mounted"; Value = "Through Hole"; VariantName = "[No Variations]"
Add component (AddParameter): Name = "PackageDescription"; Value = "AC/DC CONVERTER 12V 10W"; VariantName = "[No Variations]"
Add component (AddParameter): Name = "Part Description"; Value = "AC/DC CONVERTER 12V 10W"; VariantName = "[No Variations]"
Add component (AddParameter): Name = "Part Number"; Value = "HLK-10M12"; VariantName = "[No Variations]"
Add component (AddParameter): Name = "Pin Count"; Value = "4"; VariantName = "[No Variations]"
Add component (AddParameter): Name = "PressFit"; Value = "No"; VariantName = "[No Variations]"
Add component (AddParameter): Name = "Sense"; Value = "No"; VariantName = "[No Variations]"
Add component (AddParameter): Name = "SMD"; Value = "No"; VariantName = "[No Variations]"
Add component (AddParameter): Name = "Socket"; Value = "No"; VariantName = "[No Variations]"
Add component (AddParameter): Name = "Value"; Value = "HLK-10M12"; VariantName = "[No Variations]"
Added Component: Designator=PS(HLK-10M09)
Add component (AddParameter): Name = "Author"; Value = "Juanjo"; VariantName = "[No Variations]"
Add component (AddParameter): Name = "Case"; Value = "4-DIP Module"; VariantName = "[No Variations]"
Add component (AddParameter): Name = "Component Type"; Value = "Enclosed"; VariantName = "[No Variations]"
Add component (AddParameter): Name = "CreateDate"; Value = "30/08/2021"; VariantName = "[No Variations]"
Add component (AddParameter): Name = "Family"; Value = "AC/DC Converters"; VariantName = "[No Variations]"
Add component (AddParameter): Name = "id_part"; Value = "7"; VariantName = "[No Variations]"
Add component (AddParameter): Name = "LatestRevisionDate"; Value = "30/08/2021"; VariantName = "[No Variations]"
Add component (AddParameter): Name = "Manufacturer"; Value = "Hi-link Electronic"; VariantName = "[No Variations]"
Add component (AddParameter): Name = "Manufacturer Part Number"; Value = "HLK-10M09"; VariantName = "[No Variations]"
Add component (AddParameter): Name = "Mounted"; Value = "Through Hole"; VariantName = "[No Variations]"
Add component (AddParameter): Name = "PackageDescription"; Value = "AC/DC CONVERTER 9V 10W"; VariantName = "[No Variations]"
Add component (AddParameter): Name = "Part Description"; Value = "AC/DC CONVERTER 9V 10W"; VariantName = "[No Variations]"
Add component (AddParameter): Name = "Part Number"; Value = "HLK-10M09"; VariantName = "[No Variations]"
Add component (AddParameter): Name = "Pin Count"; Value = "4"; VariantName = "[No Variations]"
Add component (AddParameter): Name = "PressFit"; Value = "No"; VariantName = "[No Variations]"
Add component (AddParameter): Name = "Sense"; Value = "No"; VariantName = "[No Variations]"
Add component (AddParameter): Name = "SMD"; Value = "No"; VariantName = "[No Variations]"
Add component (AddParameter): Name = "Socket"; Value = "No"; VariantName = "[No Variations]"
Add component (AddParameter): Name = "Value"; Value = "HLK-10M09"; VariantName = "[No Variations]"
Added Member To Class: ClassName=esquema Member=Component PS HLK-10M24
Added Member To Class: ClassName=esquema Member=Component PS HLK-10M03
Added Member To Class: ClassName=esquema Member=Component PS HLK-10M05
Added Member To Class: ClassName=esquema Member=Component PS HLK-10M12
Added Member To Class: ClassName=esquema Member=Component PS HLK-10M09
