Change Component Designator: OldDesignator=IC? NewDesignator=IC1
Change Net Name : Old Net Name=NetIC?_2 New Net Name=NetIC1_2
Change Net Name : Old Net Name=NetIC?_9 New Net Name=NetIC1_9
Added Pin To Net: NetName=M1 Pin=IC1-7
Added Pin To Net: NetName=M1 Pin=U-7
Added Net: Name=M1
Added Pin To Net: NetName=M2 Pin=IC1-17
Added Pin To Net: NetName=M2 Pin=U-6
Added Net: Name=M2
Added Pin To Net: NetName=M3 Pin=IC1-16
Added Pin To Net: NetName=M3 Pin=U-8
Added Net: Name=M3
Added Pin To Net: NetName=M4 Pin=IC1-15
Added Pin To Net: NetName=M4 Pin=U-5
Added Net: Name=M4
Added Pin To Net: NetName=NetIC1_10 Pin=IC1-10
Added Net: Name=NetIC1_10
Added Pin To Net: NetName=NetIC1_11 Pin=IC1-11
Added Net: Name=NetIC1_11
Added Member To Class: ClassName=esquema Member=Component U BLUETOOTH-SERIAL-HC-06
