Added Component: Designator=J?(COMATEL_389.0358.1.06.400)
Add component (AddParameter): Name = "Author"; Value = "CERN DEM JLC"; VariantName = "[No Variations]"
Add component (AddParameter): Name = "Component Type"; Value = "Standard"; VariantName = "[No Variations]"
Add component (AddParameter): Name = "ComponentHeight"; Value = "8mm"; VariantName = "[No Variations]"
Add component (AddParameter): Name = "CreateDate"; Value = "21/09/2010"; VariantName = "[No Variations]"
Add component (AddParameter): Name = "Family"; Value = "Header 6"; VariantName = "[No Variations]"
Add component (AddParameter): Name = "HelpURL"; Value = "\\cern.ch\dfs\Applications\Altium\Datasheets\COMATEL_389.0358.1.06.400.pdf"; VariantName = "[No Variations]"
Add component (AddParameter): Name = "LatestRevisionDate"; Value = "21/09/2010"; VariantName = "[No Variations]"
Add component (AddParameter): Name = "Manufacturer"; Value = "KONTEK COMATEL"; VariantName = "[No Variations]"
Add component (AddParameter): Name = "Manufacturer Part Number"; Value = "389.0358.1.06.400"; VariantName = "[No Variations]"
Add component (AddParameter): Name = "Mounted"; Value = "Yes"; VariantName = "[No Variations]"
Add component (AddParameter): Name = "Part Description"; Value = "6 Contacts - Pitch 2.54mm - Dual Row Straight Strip Header - Insulator 1.7mm"; VariantName = "[No Variations]"
Add component (AddParameter): Name = "Part Number"; Value = "COMATEL_389.0358.1.06.400"; VariantName = "[No Variations]"
Add component (AddParameter): Name = "Pin Count"; Value = "6"; VariantName = "[No Variations]"
Add component (AddParameter): Name = "PressFit"; Value = "No"; VariantName = "[No Variations]"
Add component (AddParameter): Name = "Sense"; Value = "No"; VariantName = "[No Variations]"
Add component (AddParameter): Name = "SMD"; Value = "No"; VariantName = "[No Variations]"
Add component (AddParameter): Name = "Socket"; Value = "No"; VariantName = "[No Variations]"
Add component (AddParameter): Name = "Status"; Value = "Obsolete"; VariantName = "[No Variations]"
Added Pin To Net: NetName=BT_ENABLE Pin=IC1-15
Added Net: Name=BT_ENABLE
Added Pin To Net: NetName=BT_RX Pin=IC1-13
Added Pin To Net: NetName=BT_RX Pin=U-2
Added Net: Name=BT_RX
Added Pin To Net: NetName=BT_STATUS Pin=IC1-14
Added Pin To Net: NetName=BT_STATUS Pin=U-24
Added Net: Name=BT_STATUS
Added Pin To Net: NetName=BT_TX Pin=IC1-12
Added Pin To Net: NetName=BT_TX Pin=U-1
Added Net: Name=BT_TX
Added Pin To Net: NetName=NetFH1_2 Pin=FH1-2
Added Pin To Net: NetName=NetFH1_2 Pin=RT1-2
Added Net: Name=NetFH1_2
Added Pin To Net: NetName=NetPS1_2 Pin=RT1-1
Added Net: Name=NetPS1_2
Added Member To Class: ClassName=esquema Member=Component J? Header 6
